This is XeTeX, Version 3.14159265-2.6-0.99998 (TeX Live 2017/Debian) (preloaded format=xelatex 2019.11.19)  15 JUN 2021 16:19
entering extended mode
 restricted \write18 enabled.
 %&-line parsing enabled.
**arduinoprojektfabianpichl.tex
(./arduinoprojektfabianpichl.tex
LaTeX2e <2017-04-15>
Babel <3.18> and hyphenation patterns for 84 language(s) loaded.
(./sphinxmanual.cls
Document Class: sphinxmanual 2019/12/01 v2.3.0 Document class (Sphinx manual)
(/usr/share/texlive/texmf-dist/tex/latex/base/report.cls
Document Class: report 2014/09/29 v1.4h Standard LaTeX document class
(/usr/share/texlive/texmf-dist/tex/latex/base/size10.clo
File: size10.clo 2014/09/29 v1.4h Standard LaTeX file (size option)
)
\c@part=\count79
\c@chapter=\count80
\c@section=\count81
\c@subsection=\count82
\c@subsubsection=\count83
\c@paragraph=\count84
\c@subparagraph=\count85
\c@figure=\count86
\c@table=\count87
\abovecaptionskip=\skip41
\belowcaptionskip=\skip42
\bibindent=\dimen102
)
LaTeX Info: Redefining \and on input line 35.
)
\sphinxpxdimen=\dimen103

(/usr/share/texlive/texmf-dist/tex/latex/base/inputenc.sty
Package: inputenc 2015/03/17 v1.2c Input encoding file
\inpenc@prehook=\toks14
\inpenc@posthook=\toks15


Package inputenc Warning: inputenc package ignored with utf8 based engines.

) (/usr/share/texlive/texmf-dist/tex/latex/cmap/cmap.sty
Package: cmap 2008/03/06 v1.0h CMap support: searchable PDF


Package cmap Warning: pdftex not detected - exiting.

) (/usr/share/texlive/texmf-dist/tex/latex/base/fontenc.sty
Package: fontenc 2017/04/05 v2.0i Standard LaTeX package

(/usr/share/texlive/texmf-dist/tex/latex/base/t1enc.def
File: t1enc.def 2017/04/05 v2.0i Standard LaTeX file
LaTeX Font Info:    Redeclaring font encoding T1 on input line 48.
)
LaTeX Font Info:    Try loading font information for T1+lmr on input line 105.

(/usr/share/texmf/tex/latex/lm/t1lmr.fd
File: t1lmr.fd 2009/10/30 v1.6 Font defs for Latin Modern
))
(/usr/share/texlive/texmf-dist/tex/latex/amsmath/amsmath.sty
Package: amsmath 2017/09/02 v2.17a AMS math features
\@mathmargin=\skip43

For additional information on amsmath, use the `?' option.
(/usr/share/texlive/texmf-dist/tex/latex/amsmath/amstext.sty
Package: amstext 2000/06/29 v2.01 AMS text

(/usr/share/texlive/texmf-dist/tex/latex/amsmath/amsgen.sty
File: amsgen.sty 1999/11/30 v2.0 generic functions
\@emptytoks=\toks16
\ex@=\dimen104
))
(/usr/share/texlive/texmf-dist/tex/latex/amsmath/amsbsy.sty
Package: amsbsy 1999/11/29 v1.2d Bold Symbols
\pmbraise@=\dimen105
)
(/usr/share/texlive/texmf-dist/tex/latex/amsmath/amsopn.sty
Package: amsopn 2016/03/08 v2.02 operator names
)
\inf@bad=\count88
LaTeX Info: Redefining \frac on input line 213.
\uproot@=\count89
\leftroot@=\count90
LaTeX Info: Redefining \overline on input line 375.
\classnum@=\count91
\DOTSCASE@=\count92
LaTeX Info: Redefining \ldots on input line 472.
LaTeX Info: Redefining \dots on input line 475.
LaTeX Info: Redefining \cdots on input line 596.
\Mathstrutbox@=\box26
\strutbox@=\box27
\big@size=\dimen106
LaTeX Font Info:    Redeclaring font encoding OML on input line 712.
LaTeX Font Info:    Redeclaring font encoding OMS on input line 713.
\macc@depth=\count93
\c@MaxMatrixCols=\count94
\dotsspace@=\muskip10
\c@parentequation=\count95
\dspbrk@lvl=\count96
\tag@help=\toks17
\row@=\count97
\column@=\count98
\maxfields@=\count99
\andhelp@=\toks18
\eqnshift@=\dimen107
\alignsep@=\dimen108
\tagshift@=\dimen109
\tagwidth@=\dimen110
\totwidth@=\dimen111
\lineht@=\dimen112
\@envbody=\toks19
\multlinegap=\skip44
\multlinetaggap=\skip45
\mathdisplay@stack=\toks20
LaTeX Info: Redefining \[ on input line 2817.
LaTeX Info: Redefining \] on input line 2818.
)
(/usr/share/texlive/texmf-dist/tex/latex/amsfonts/amssymb.sty
Package: amssymb 2013/01/14 v3.01 AMS font symbols

(/usr/share/texlive/texmf-dist/tex/latex/amsfonts/amsfonts.sty
Package: amsfonts 2013/01/14 v3.01 Basic AMSFonts support
\symAMSa=\mathgroup4
\symAMSb=\mathgroup5
LaTeX Font Info:    Overwriting math alphabet `\mathfrak' in version `bold'
(Font)                  U/euf/m/n --> U/euf/b/n on input line 106.
))
(/usr/share/texlive/texmf-dist/tex/generic/babel/babel.sty
Package: babel 2018/02/14 3.18 The Babel package

(/usr/share/texlive/texmf-dist/tex/generic/babel/switch.def
File: switch.def 2018/02/14 3.18 Babel switching mechanism
)
(/usr/share/texlive/texmf-dist/tex/generic/babel-german/ngerman.ldf
Language: ngerman 2016/11/02 v2.9 German support for babel (new orthography)

(/usr/share/texlive/texmf-dist/tex/generic/babel-german/ngermanb.ldf
Language: ngermanb 2016/11/02 v2.9 German support for babel (new orthography)

(/usr/share/texlive/texmf-dist/tex/generic/babel/babel.def
File: babel.def 2018/02/14 3.18 Babel common definitions
\babel@savecnt=\count100
\U@D=\dimen113

(/usr/share/texlive/texmf-dist/tex/generic/babel/xebabel.def
(/usr/share/texlive/texmf-dist/tex/generic/babel/txtbabel.def))
\bbl@dirlevel=\count101
)
Package babel Info: Making " an active character on input line 125.
)))
(/usr/share/texlive/texmf-dist/tex/latex/psnfss/times.sty
Package: times 2005/04/12 PSNFSS-v9.2a (SPQR) 
)
(/usr/share/texlive/texmf-dist/tex/latex/fncychap/fncychap.sty
Package: fncychap 2007/07/30 v1.34 LaTeX package (Revised chapters)
\RW=\skip46
\mylen=\skip47
\myhi=\skip48
\px=\skip49
\py=\skip50
\pyy=\skip51
\pxx=\skip52
) (./sphinx.sty
Package: sphinx 2019/09/02 v2.3.0 LaTeX package (Sphinx markup)

(/usr/share/texlive/texmf-dist/tex/generic/oberdiek/ltxcmds.sty
Package: ltxcmds 2016/05/16 v1.23 LaTeX kernel commands for general use (HO)
)
(/usr/share/texlive/texmf-dist/tex/latex/graphics/graphicx.sty
Package: graphicx 2017/06/01 v1.1a Enhanced LaTeX Graphics (DPC,SPQR)

(/usr/share/texlive/texmf-dist/tex/latex/graphics/keyval.sty
Package: keyval 2014/10/28 v1.15 key=value parser (DPC)
\KV@toks@=\toks21
)
(/usr/share/texlive/texmf-dist/tex/latex/graphics/graphics.sty
Package: graphics 2017/06/25 v1.2c Standard LaTeX Graphics (DPC,SPQR)

(/usr/share/texlive/texmf-dist/tex/latex/graphics/trig.sty
Package: trig 2016/01/03 v1.10 sin cos tan (DPC)
)
(/usr/share/texlive/texmf-dist/tex/latex/graphics-cfg/graphics.cfg
File: graphics.cfg 2016/06/04 v1.11 sample graphics configuration
)
Package graphics Info: Driver file: xetex.def on input line 99.

(/usr/share/texlive/texmf-dist/tex/latex/graphics-def/xetex.def
File: xetex.def 2017/06/24 v5.0h Graphics/color driver for xetex
))
\Gin@req@height=\dimen114
\Gin@req@width=\dimen115
)
(/usr/share/texlive/texmf-dist/tex/latex/fancyhdr/fancyhdr.sty
Package: fancyhdr 2017/06/30 v3.9a Extensive control of page headers and footer
s
\f@nch@headwidth=\skip53
\f@nch@O@elh=\skip54
\f@nch@O@erh=\skip55
\f@nch@O@olh=\skip56
\f@nch@O@orh=\skip57
\f@nch@O@elf=\skip58
\f@nch@O@erf=\skip59
\f@nch@O@olf=\skip60
\f@nch@O@orf=\skip61
)
(/usr/share/texlive/texmf-dist/tex/latex/base/textcomp.sty
Package: textcomp 2017/04/05 v2.0i Standard LaTeX package
Package textcomp Info: Sub-encoding information:
(textcomp)               5 = only ISO-Adobe without \textcurrency
(textcomp)               4 = 5 + \texteuro
(textcomp)               3 = 4 + \textohm
(textcomp)               2 = 3 + \textestimated + \textcurrency
(textcomp)               1 = TS1 - \textcircled - \t
(textcomp)               0 = TS1 (full)
(textcomp)             Font families with sub-encoding setting implement
(textcomp)             only a restricted character set as indicated.
(textcomp)             Family '?' is the default used for unknown fonts.
(textcomp)             See the documentation for details.
Package textcomp Info: Setting ? sub-encoding to TS1/1 on input line 79.

(/usr/share/texlive/texmf-dist/tex/latex/base/ts1enc.def
File: ts1enc.def 2001/06/05 v3.0e (jk/car/fm) Standard LaTeX file
)
LaTeX Info: Redefining \oldstylenums on input line 334.
Package textcomp Info: Setting cmr sub-encoding to TS1/0 on input line 349.
Package textcomp Info: Setting cmss sub-encoding to TS1/0 on input line 350.
Package textcomp Info: Setting cmtt sub-encoding to TS1/0 on input line 351.
Package textcomp Info: Setting cmvtt sub-encoding to TS1/0 on input line 352.
Package textcomp Info: Setting cmbr sub-encoding to TS1/0 on input line 353.
Package textcomp Info: Setting cmtl sub-encoding to TS1/0 on input line 354.
Package textcomp Info: Setting ccr sub-encoding to TS1/0 on input line 355.
Package textcomp Info: Setting ptm sub-encoding to TS1/4 on input line 356.
Package textcomp Info: Setting pcr sub-encoding to TS1/4 on input line 357.
Package textcomp Info: Setting phv sub-encoding to TS1/4 on input line 358.
Package textcomp Info: Setting ppl sub-encoding to TS1/3 on input line 359.
Package textcomp Info: Setting pag sub-encoding to TS1/4 on input line 360.
Package textcomp Info: Setting pbk sub-encoding to TS1/4 on input line 361.
Package textcomp Info: Setting pnc sub-encoding to TS1/4 on input line 362.
Package textcomp Info: Setting pzc sub-encoding to TS1/4 on input line 363.
Package textcomp Info: Setting bch sub-encoding to TS1/4 on input line 364.
Package textcomp Info: Setting put sub-encoding to TS1/5 on input line 365.
Package textcomp Info: Setting uag sub-encoding to TS1/5 on input line 366.
Package textcomp Info: Setting ugq sub-encoding to TS1/5 on input line 367.
Package textcomp Info: Setting ul8 sub-encoding to TS1/4 on input line 368.
Package textcomp Info: Setting ul9 sub-encoding to TS1/4 on input line 369.
Package textcomp Info: Setting augie sub-encoding to TS1/5 on input line 370.
Package textcomp Info: Setting dayrom sub-encoding to TS1/3 on input line 371.
Package textcomp Info: Setting dayroms sub-encoding to TS1/3 on input line 372.

Package textcomp Info: Setting pxr sub-encoding to TS1/0 on input line 373.
Package textcomp Info: Setting pxss sub-encoding to TS1/0 on input line 374.
Package textcomp Info: Setting pxtt sub-encoding to TS1/0 on input line 375.
Package textcomp Info: Setting txr sub-encoding to TS1/0 on input line 376.
Package textcomp Info: Setting txss sub-encoding to TS1/0 on input line 377.
Package textcomp Info: Setting txtt sub-encoding to TS1/0 on input line 378.
Package textcomp Info: Setting lmr sub-encoding to TS1/0 on input line 379.
Package textcomp Info: Setting lmdh sub-encoding to TS1/0 on input line 380.
Package textcomp Info: Setting lmss sub-encoding to TS1/0 on input line 381.
Package textcomp Info: Setting lmssq sub-encoding to TS1/0 on input line 382.
Package textcomp Info: Setting lmvtt sub-encoding to TS1/0 on input line 383.
Package textcomp Info: Setting lmtt sub-encoding to TS1/0 on input line 384.
Package textcomp Info: Setting qhv sub-encoding to TS1/0 on input line 385.
Package textcomp Info: Setting qag sub-encoding to TS1/0 on input line 386.
Package textcomp Info: Setting qbk sub-encoding to TS1/0 on input line 387.
Package textcomp Info: Setting qcr sub-encoding to TS1/0 on input line 388.
Package textcomp Info: Setting qcs sub-encoding to TS1/0 on input line 389.
Package textcomp Info: Setting qpl sub-encoding to TS1/0 on input line 390.
Package textcomp Info: Setting qtm sub-encoding to TS1/0 on input line 391.
Package textcomp Info: Setting qzc sub-encoding to TS1/0 on input line 392.
Package textcomp Info: Setting qhvc sub-encoding to TS1/0 on input line 393.
Package textcomp Info: Setting futs sub-encoding to TS1/4 on input line 394.
Package textcomp Info: Setting futx sub-encoding to TS1/4 on input line 395.
Package textcomp Info: Setting futj sub-encoding to TS1/4 on input line 396.
Package textcomp Info: Setting hlh sub-encoding to TS1/3 on input line 397.
Package textcomp Info: Setting hls sub-encoding to TS1/3 on input line 398.
Package textcomp Info: Setting hlst sub-encoding to TS1/3 on input line 399.
Package textcomp Info: Setting hlct sub-encoding to TS1/5 on input line 400.
Package textcomp Info: Setting hlx sub-encoding to TS1/5 on input line 401.
Package textcomp Info: Setting hlce sub-encoding to TS1/5 on input line 402.
Package textcomp Info: Setting hlcn sub-encoding to TS1/5 on input line 403.
Package textcomp Info: Setting hlcw sub-encoding to TS1/5 on input line 404.
Package textcomp Info: Setting hlcf sub-encoding to TS1/5 on input line 405.
Package textcomp Info: Setting pplx sub-encoding to TS1/3 on input line 406.
Package textcomp Info: Setting pplj sub-encoding to TS1/3 on input line 407.
Package textcomp Info: Setting ptmx sub-encoding to TS1/4 on input line 408.
Package textcomp Info: Setting ptmj sub-encoding to TS1/4 on input line 409.
)
(/usr/share/texlive/texmf-dist/tex/latex/titlesec/titlesec.sty
Package: titlesec 2016/03/21 v2.10.2 Sectioning titles
\ttl@box=\box28
\beforetitleunit=\skip62
\aftertitleunit=\skip63
\ttl@plus=\dimen116
\ttl@minus=\dimen117
\ttl@toksa=\toks22
\titlewidth=\dimen118
\titlewidthlast=\dimen119
\titlewidthfirst=\dimen120
)
(/usr/share/texlive/texmf-dist/tex/latex/tabulary/tabulary.sty
Package: tabulary 2014/06/11 v0.10 tabulary package (DPC)

(/usr/share/texlive/texmf-dist/tex/latex/tools/array.sty
Package: array 2016/10/06 v2.4d Tabular extension package (FMi)
\col@sep=\dimen121
\extrarowheight=\dimen122
\NC@list=\toks23
\extratabsurround=\skip64
\backup@length=\skip65
)
\TY@count=\count102
\TY@linewidth=\dimen123
\tymin=\dimen124
\tymax=\dimen125
\TY@tablewidth=\dimen126
)
(/usr/share/texlive/texmf-dist/tex/latex/tools/longtable.sty
Package: longtable 2014/10/28 v4.11 Multi-page Table package (DPC)
\LTleft=\skip66
\LTright=\skip67
\LTpre=\skip68
\LTpost=\skip69
\LTchunksize=\count103
\LTcapwidth=\dimen127
\LT@head=\box29
\LT@firsthead=\box30
\LT@foot=\box31
\LT@lastfoot=\box32
\LT@cols=\count104
\LT@rows=\count105
\c@LT@tables=\count106
\c@LT@chunks=\count107
\LT@p@ftn=\toks24
)
(/usr/share/texlive/texmf-dist/tex/latex/varwidth/varwidth.sty
Package: varwidth 2009/03/30 ver 0.92;  Variable-width minipages
\@vwid@box=\box33
\sift@deathcycles=\count108
\@vwid@loff=\dimen128
\@vwid@roff=\dimen129
)
(./sphinxmulticell.sty
Package: sphinxmulticell 2017/02/23 v1.6 better span rows and columns of a tabl
e (Sphinx team)
\sphinx@TY@tablewidth=\dimen130
)
(/usr/share/texlive/texmf-dist/tex/latex/base/makeidx.sty
Package: makeidx 2014/09/29 v1.0m Standard LaTeX package
)
(/usr/share/texlive/texmf-dist/tex/latex/framed/framed.sty
Package: framed 2011/10/22 v 0.96: framed or shaded text with page breaks
\OuterFrameSep=\skip70
\fb@frw=\dimen131
\fb@frh=\dimen132
\FrameRule=\dimen133
\FrameSep=\dimen134
)
(/usr/share/texlive/texmf-dist/tex/latex/xcolor/xcolor.sty
Package: xcolor 2016/05/11 v2.12 LaTeX color extensions (UK)

(/usr/share/texlive/texmf-dist/tex/latex/graphics-cfg/color.cfg
File: color.cfg 2016/01/02 v1.6 sample color configuration
)
Package xcolor Info: Driver file: xetex.def on input line 225.
Package xcolor Info: Model `cmy' substituted by `cmy0' on input line 1348.
Package xcolor Info: Model `RGB' extended on input line 1364.
Package xcolor Info: Model `HTML' substituted by `rgb' on input line 1366.
Package xcolor Info: Model `Hsb' substituted by `hsb' on input line 1367.
Package xcolor Info: Model `tHsb' substituted by `hsb' on input line 1368.
Package xcolor Info: Model `HSB' substituted by `hsb' on input line 1369.
Package xcolor Info: Model `Gray' substituted by `gray' on input line 1370.
Package xcolor Info: Model `wave' substituted by `hsb' on input line 1371.
)
(/usr/share/texlive/texmf-dist/tex/latex/fancyvrb/fancyvrb.sty
Package: fancyvrb 2008/02/07

Style option: `fancyvrb' v2.7a, with DG/SPQR fixes, and firstline=lastline fix 
<2008/02/07> (tvz)
\FV@CodeLineNo=\count109
\FV@InFile=\read1
\FV@TabBox=\box34
\c@FancyVerbLine=\count110
\FV@StepNumber=\count111
\FV@OutFile=\write3
) (./footnotehyper-sphinx.sty
Package: footnotehyper-sphinx 2017/10/27 v1.7 hyperref aware footnote.sty for s
phinx (JFB)
\FNH@notes=\box35
\FNH@width=\dimen135
)
(/usr/share/texlive/texmf-dist/tex/latex/float/float.sty
Package: float 2001/11/08 v1.3d Float enhancements (AL)
\c@float@type=\count112
\float@exts=\toks25
\float@box=\box36
\@float@everytoks=\toks26
\@floatcapt=\box37
)
(/usr/share/texlive/texmf-dist/tex/latex/wrapfig/wrapfig.sty
\wrapoverhang=\dimen136
\WF@size=\dimen137
\c@WF@wrappedlines=\count113
\WF@box=\box38
\WF@everypar=\toks27
Package: wrapfig 2003/01/31  v 3.6
)
(/usr/share/texlive/texmf-dist/tex/latex/parskip/parskip.sty
Package: parskip 2001/04/09 non-zero parskip adjustments
)
(/usr/share/texlive/texmf-dist/tex/latex/base/alltt.sty
Package: alltt 1997/06/16 v2.0g defines alltt environment
)
(/usr/share/texlive/texmf-dist/tex/latex/upquote/upquote.sty
Package: upquote 2012/04/19 v1.3 upright-quote and grave-accent glyphs in verba
tim
)
(/usr/share/texlive/texmf-dist/tex/latex/capt-of/capt-of.sty
Package: capt-of 2009/12/29 v0.2 standard captions outside of floats
)
(/usr/share/texlive/texmf-dist/tex/latex/needspace/needspace.sty
Package: needspace 2010/09/12 v1.3d reserve vertical space
)
(/usr/share/texlive/texmf-dist/tex/latex/carlisle/remreset.sty)
(./sphinxhighlight.sty
Package: sphinxhighlight 2016/05/29 stylesheet for highlighting with pygments
)
(/usr/share/texlive/texmf-dist/tex/latex/oberdiek/kvoptions.sty
Package: kvoptions 2016/05/16 v3.12 Key value format for package options (HO)

(/usr/share/texlive/texmf-dist/tex/generic/oberdiek/kvsetkeys.sty
Package: kvsetkeys 2016/05/16 v1.17 Key value parser (HO)

(/usr/share/texlive/texmf-dist/tex/generic/oberdiek/infwarerr.sty
Package: infwarerr 2016/05/16 v1.4 Providing info/warning/error messages (HO)
)
(/usr/share/texlive/texmf-dist/tex/generic/oberdiek/etexcmds.sty
Package: etexcmds 2016/05/16 v1.6 Avoid name clashes with e-TeX commands (HO)

(/usr/share/texlive/texmf-dist/tex/generic/oberdiek/ifluatex.sty
Package: ifluatex 2016/05/16 v1.4 Provides the ifluatex switch (HO)
Package ifluatex Info: LuaTeX not detected.
)
Package etexcmds Info: Could not find \expanded.
(etexcmds)             That can mean that you are not using pdfTeX 1.50 or
(etexcmds)             that some package has redefined \expanded.
(etexcmds)             In the latter case, load this package earlier.
)))
\sphinxverbatimsep=\dimen138
\sphinxverbatimborder=\dimen139
\sphinxshadowsep=\dimen140
\sphinxshadowsize=\dimen141
\sphinxshadowrule=\dimen142
\spx@notice@border=\dimen143
\spx@image@maxheight=\dimen144
\spx@image@box=\dimen145
\c@literalblock=\count114
\sphinxcontinuationbox=\box39
\sphinxvisiblespacebox=\box40
\sphinxVerbatim@TitleBox=\box41
\sphinxVerbatim@ContentsBox=\box42
\py@argswidth=\skip71
\lineblockindentation=\skip72
\DUlineblockindent=\skip73
)
(/usr/share/texlive/texmf-dist/tex/latex/geometry/geometry.sty
Package: geometry 2010/09/12 v5.6 Page Geometry

(/usr/share/texlive/texmf-dist/tex/generic/oberdiek/ifpdf.sty
Package: ifpdf 2017/03/15 v3.2 Provides the ifpdf switch
)
(/usr/share/texlive/texmf-dist/tex/generic/oberdiek/ifvtex.sty
Package: ifvtex 2016/05/16 v1.6 Detect VTeX and its facilities (HO)
Package ifvtex Info: VTeX not detected.
)
(/usr/share/texlive/texmf-dist/tex/generic/ifxetex/ifxetex.sty
Package: ifxetex 2010/09/12 v0.6 Provides ifxetex conditional
)
\Gm@cnth=\count115
\Gm@cntv=\count116
\c@Gm@tempcnt=\count117
\Gm@bindingoffset=\dimen146
\Gm@wd@mp=\dimen147
\Gm@odd@mp=\dimen148
\Gm@even@mp=\dimen149
\Gm@layoutwidth=\dimen150
\Gm@layoutheight=\dimen151
\Gm@layouthoffset=\dimen152
\Gm@layoutvoffset=\dimen153
\Gm@dimlist=\toks28
)
(/usr/share/texlive/texmf-dist/tex/latex/hyperref/hyperref.sty
Package: hyperref 2018/02/06 v6.86b Hypertext links for LaTeX

(/usr/share/texlive/texmf-dist/tex/generic/oberdiek/hobsub-hyperref.sty
Package: hobsub-hyperref 2016/05/16 v1.14 Bundle oberdiek, subset hyperref (HO)


(/usr/share/texlive/texmf-dist/tex/generic/oberdiek/hobsub-generic.sty
Package: hobsub-generic 2016/05/16 v1.14 Bundle oberdiek, subset generic (HO)
Package: hobsub 2016/05/16 v1.14 Construct package bundles (HO)
Package hobsub Info: Skipping package `infwarerr' (already loaded).
Package hobsub Info: Skipping package `ltxcmds' (already loaded).
Package hobsub Info: Skipping package `ifluatex' (already loaded).
Package hobsub Info: Skipping package `ifvtex' (already loaded).
Package: intcalc 2016/05/16 v1.2 Expandable calculations with integers (HO)
Package hobsub Info: Skipping package `ifpdf' (already loaded).
Package hobsub Info: Skipping package `etexcmds' (already loaded).
Package hobsub Info: Skipping package `kvsetkeys' (already loaded).
Package: kvdefinekeys 2016/05/16 v1.4 Define keys (HO)
Package: pdftexcmds 2018/01/21 v0.26 Utility functions of pdfTeX for LuaTeX (HO
)
Package pdftexcmds Info: LuaTeX not detected.
Package pdftexcmds Info: pdfTeX >= 1.30 not detected.
Package pdftexcmds Info: \pdf@primitive is available.
Package pdftexcmds Info: \pdf@ifprimitive is available.
Package pdftexcmds Info: \pdfdraftmode not found.
Package: pdfescape 2016/05/16 v1.14 Implements pdfTeX's escape features (HO)
Package: bigintcalc 2016/05/16 v1.4 Expandable calculations on big integers (HO
)
Package: bitset 2016/05/16 v1.2 Handle bit-vector datatype (HO)
Package: uniquecounter 2016/05/16 v1.3 Provide unlimited unique counter (HO)
)
Package hobsub Info: Skipping package `hobsub' (already loaded).
Package: letltxmacro 2016/05/16 v1.5 Let assignment for LaTeX macros (HO)
Package: hopatch 2016/05/16 v1.3 Wrapper for package hooks (HO)
Package: xcolor-patch 2016/05/16 xcolor patch
Package: atveryend 2016/05/16 v1.9 Hooks at the very end of document (HO)
Package atveryend Info: \enddocument detected (standard20110627).
Package: atbegshi 2016/06/09 v1.18 At begin shipout hook (HO)
Package: refcount 2016/05/16 v3.5 Data extraction from label references (HO)
Package: hycolor 2016/05/16 v1.8 Color options for hyperref/bookmark (HO)
)
(/usr/share/texlive/texmf-dist/tex/latex/oberdiek/auxhook.sty
Package: auxhook 2016/05/16 v1.4 Hooks for auxiliary files (HO)
)
\@linkdim=\dimen154
\Hy@linkcounter=\count118
\Hy@pagecounter=\count119

(/usr/share/texlive/texmf-dist/tex/latex/hyperref/pd1enc.def
File: pd1enc.def 2018/02/06 v6.86b Hyperref: PDFDocEncoding definition (HO)
)
\Hy@SavedSpaceFactor=\count120

(/usr/share/texlive/texmf-dist/tex/latex/latexconfig/hyperref.cfg
File: hyperref.cfg 2002/06/06 v1.2 hyperref configuration of TeXLive
)
Package hyperref Info: Option `unicode' set `true' on input line 4383.

(/usr/share/texlive/texmf-dist/tex/latex/hyperref/puenc.def
File: puenc.def 2018/02/06 v6.86b Hyperref: PDF Unicode definition (HO)
)
Package hyperref Info: Option `colorlinks' set `true' on input line 4383.
Package hyperref Info: Option `breaklinks' set `true' on input line 4383.
Package hyperref Info: Hyper figures OFF on input line 4509.
Package hyperref Info: Link nesting OFF on input line 4514.
Package hyperref Info: Hyper index ON on input line 4517.
Package hyperref Info: Plain pages OFF on input line 4524.
Package hyperref Info: Backreferencing OFF on input line 4529.
Package hyperref Info: Implicit mode ON; LaTeX internals redefined.
Package hyperref Info: Bookmarks ON on input line 4762.
\c@Hy@tempcnt=\count121

(/usr/share/texlive/texmf-dist/tex/latex/url/url.sty
\Urlmuskip=\muskip11
Package: url 2013/09/16  ver 3.4  Verb mode for urls, etc.
)
LaTeX Info: Redefining \url on input line 5115.
\XeTeXLinkMargin=\dimen155
\Fld@menulength=\count122
\Field@Width=\dimen156
\Fld@charsize=\dimen157
Package hyperref Info: Hyper figures OFF on input line 6369.
Package hyperref Info: Link nesting OFF on input line 6374.
Package hyperref Info: Hyper index ON on input line 6377.
Package hyperref Info: backreferencing OFF on input line 6384.
Package hyperref Info: Link coloring ON on input line 6387.
Package hyperref Info: Link coloring with OCG OFF on input line 6394.
Package hyperref Info: PDF/A mode OFF on input line 6399.
LaTeX Info: Redefining \ref on input line 6439.
LaTeX Info: Redefining \pageref on input line 6443.
\Hy@abspage=\count123
\c@Item=\count124
\c@Hfootnote=\count125
)
Package hyperref Info: Driver (autodetected): hxetex.

(/usr/share/texlive/texmf-dist/tex/latex/hyperref/hxetex.def
File: hxetex.def 2018/02/06 v6.86b Hyperref driver for XeTeX

(/usr/share/texlive/texmf-dist/tex/generic/oberdiek/stringenc.sty
Package: stringenc 2016/05/16 v1.11 Convert strings between diff. encodings (HO
)
)
\pdfm@box=\box43
\c@Hy@AnnotLevel=\count126
\HyField@AnnotCount=\count127
\Fld@listcount=\count128
\c@bookmark@seq@number=\count129

(/usr/share/texlive/texmf-dist/tex/latex/oberdiek/rerunfilecheck.sty
Package: rerunfilecheck 2016/05/16 v1.8 Rerun checks for auxiliary files (HO)
Package rerunfilecheck Info: Feature \pdfmdfivesum is not available
(rerunfilecheck)             (e.g. pdfTeX or LuaTeX with package `pdftexcmds').

(rerunfilecheck)             Therefore file contents cannot be checked efficien
tly
(rerunfilecheck)             and the loading of the package is aborted.
)
\Hy@SectionHShift=\skip74
)
(/usr/share/texlive/texmf-dist/tex/latex/oberdiek/hypcap.sty
Package: hypcap 2016/05/16 v1.12 Adjusting the anchors of captions (HO)
)
(./sphinxmessages.sty
Package: sphinxmessages 2019/01/04 v2.0 Localized LaTeX macros (Sphinx team)
)
\@indexfile=\write4
\openout4 = `arduinoprojektfabianpichl.idx'.


Writing index file arduinoprojektfabianpichl.idx
(./arduinoprojektfabianpichl.aux)
\openout1 = `arduinoprojektfabianpichl.aux'.

LaTeX Font Info:    Checking defaults for OML/cmm/m/it on input line 83.
LaTeX Font Info:    ... okay on input line 83.
LaTeX Font Info:    Checking defaults for T1/cmr/m/n on input line 83.
LaTeX Font Info:    ... okay on input line 83.
LaTeX Font Info:    Checking defaults for OT1/cmr/m/n on input line 83.
LaTeX Font Info:    ... okay on input line 83.
LaTeX Font Info:    Checking defaults for OMS/cmsy/m/n on input line 83.
LaTeX Font Info:    ... okay on input line 83.
LaTeX Font Info:    Checking defaults for TU/lmr/m/n on input line 83.
LaTeX Font Info:    ... okay on input line 83.
LaTeX Font Info:    Checking defaults for OMX/cmex/m/n on input line 83.
LaTeX Font Info:    ... okay on input line 83.
LaTeX Font Info:    Checking defaults for U/cmr/m/n on input line 83.
LaTeX Font Info:    ... okay on input line 83.
LaTeX Font Info:    Checking defaults for TS1/cmr/m/n on input line 83.
LaTeX Font Info:    Try loading font information for TS1+cmr on input line 83.

(/usr/share/texlive/texmf-dist/tex/latex/base/ts1cmr.fd
File: ts1cmr.fd 2014/09/29 v2.5h Standard LaTeX font definitions
)
LaTeX Font Info:    ... okay on input line 83.
LaTeX Font Info:    Checking defaults for PD1/pdf/m/n on input line 83.
LaTeX Font Info:    ... okay on input line 83.
LaTeX Font Info:    Checking defaults for PU/pdf/m/n on input line 83.
LaTeX Font Info:    ... okay on input line 83.
LaTeX Font Info:    Try loading font information for T1+ptm on input line 83.

(/usr/share/texlive/texmf-dist/tex/latex/psnfss/t1ptm.fd
File: t1ptm.fd 2001/06/04 font definitions for T1/ptm.
)
*geometry* driver: auto-detecting
*geometry* detected driver: xetex
*geometry* verbose mode - [ preamble ] result:
* driver: xetex
* paper: letterpaper
* layout: <same size as paper>
* layoutoffset:(h,v)=(0.0pt,0.0pt)
* modes: twoside 
* h-part:(L,W,R)=(72.26999pt, 469.75502pt, 72.26999pt)
* v-part:(T,H,B)=(72.26999pt, 650.43001pt, 72.26999pt)
* \paperwidth=614.295pt
* \paperheight=794.96999pt
* \textwidth=469.75502pt
* \textheight=650.43001pt
* \oddsidemargin=0.0pt
* \evensidemargin=0.0pt
* \topmargin=-37.0pt
* \headheight=12.0pt
* \headsep=25.0pt
* \topskip=10.0pt
* \footskip=30.0pt
* \marginparwidth=36.135pt
* \marginparsep=11.0pt
* \columnsep=10.0pt
* \skip\footins=9.0pt plus 4.0pt minus 2.0pt
* \hoffset=0.0pt
* \voffset=0.0pt
* \mag=1000
* \@twocolumnfalse
* \@twosidetrue
* \@mparswitchtrue
* \@reversemarginfalse
* (1in=72.27pt=25.4mm, 1cm=28.453pt)

\AtBeginShipoutBox=\box44
Package hyperref Info: Link coloring ON on input line 83.
(/usr/share/texlive/texmf-dist/tex/latex/hyperref/nameref.sty
Package: nameref 2016/05/21 v2.44 Cross-referencing by name of section

(/usr/share/texlive/texmf-dist/tex/generic/oberdiek/gettitlestring.sty
Package: gettitlestring 2016/05/16 v1.5 Cleanup title references (HO)
)
\c@section@level=\count130
)
LaTeX Info: Redefining \ref on input line 83.
LaTeX Info: Redefining \pageref on input line 83.
LaTeX Info: Redefining \nameref on input line 83.

(./arduinoprojektfabianpichl.out) (./arduinoprojektfabianpichl.out)
\@outlinefile=\write5
\openout5 = `arduinoprojektfabianpichl.out'.

Package hyperref Info: Option `pageanchor' set `false' on input line 91.
Package babel Info: Redefining ngerman shorthand "|
(babel)             in language  on input line 91.
Package babel Info: Redefining ngerman shorthand "~
(babel)             in language  on input line 91.
Package babel Info: Redefining ngerman shorthand "|
(babel)             in language  on input line 91.
Package babel Info: Redefining ngerman shorthand "~
(babel)             in language  on input line 91.
LaTeX Font Info:    Try loading font information for T1+phv on input line 91.

(/usr/share/texlive/texmf-dist/tex/latex/psnfss/t1phv.fd
File: t1phv.fd 2001/06/04 scalable font definitions for T1/phv.
)
LaTeX Font Info:    Font shape `T1/phv/bx/n' in size <10> not available
(Font)              Font shape `T1/phv/b/n' tried instead on input line 91.
LaTeX Font Info:    Font shape `T1/phv/bx/n' in size <24.88> not available
(Font)              Font shape `T1/phv/b/n' tried instead on input line 91.
LaTeX Font Info:    Font shape `T1/phv/bx/it' in size <10> not available
(Font)              Font shape `T1/phv/b/it' tried instead on input line 91.
LaTeX Font Info:    Font shape `T1/phv/b/it' in size <10> not available
(Font)              Font shape `T1/phv/b/sl' tried instead on input line 91.
LaTeX Font Info:    Font shape `T1/phv/bx/it' in size <17.28> not available
(Font)              Font shape `T1/phv/b/it' tried instead on input line 91.
LaTeX Font Info:    Font shape `T1/phv/b/it' in size <17.28> not available
(Font)              Font shape `T1/phv/b/sl' tried instead on input line 91.
LaTeX Font Info:    Font shape `T1/phv/bx/n' in size <17.28> not available
(Font)              Font shape `T1/phv/b/n' tried instead on input line 91.
LaTeX Font Info:    Try loading font information for U+msa on input line 91.

(/usr/share/texlive/texmf-dist/tex/latex/amsfonts/umsa.fd
File: umsa.fd 2013/01/14 v3.01 AMS symbols A
)
LaTeX Font Info:    Try loading font information for U+msb on input line 91.

(/usr/share/texlive/texmf-dist/tex/latex/amsfonts/umsb.fd
File: umsb.fd 2013/01/14 v3.01 AMS symbols B
)
LaTeX Font Info:    Font shape `T1/phv/bx/n' in size <12> not available
(Font)              Font shape `T1/phv/b/n' tried instead on input line 91.
Package babel Info: Redefining ngerman shorthand "|
(babel)             in language  on input line 91.
Package babel Info: Redefining ngerman shorthand "~
(babel)             in language  on input line 91.
 [1

]
Package babel Info: Redefining ngerman shorthand "|
(babel)             in language  on input line 91.
Package babel Info: Redefining ngerman shorthand "~
(babel)             in language  on input line 91.
 [2


]
(./arduinoprojektfabianpichl.toc
LaTeX Font Info:    Font shape `T1/ptm/bx/n' in size <10> not available
(Font)              Font shape `T1/ptm/b/n' tried instead on input line 2.
)
\tf@toc=\write6
\openout6 = `arduinoprojektfabianpichl.toc'.

Package babel Info: Redefining ngerman shorthand "|
(babel)             in language  on input line 93.
Package babel Info: Redefining ngerman shorthand "~
(babel)             in language  on input line 93.
Package babel Info: Redefining ngerman shorthand "|
(babel)             in language  on input line 93.
Package babel Info: Redefining ngerman shorthand "~
(babel)             in language  on input line 93.
 [1

]
Package babel Info: Redefining ngerman shorthand "|
(babel)             in language  on input line 93.
Package babel Info: Redefining ngerman shorthand "~
(babel)             in language  on input line 93.
Package babel Info: Redefining ngerman shorthand "|
(babel)             in language  on input line 93.
Package babel Info: Redefining ngerman shorthand "~
(babel)             in language  on input line 93.
 [2

]
Missing character: There is no „ in font ptmr8t!
Missing character: There is no “ in font ptmr8t!
Package babel Info: Redefining ngerman shorthand "|
(babel)             in language  on input line 108.
Package babel Info: Redefining ngerman shorthand "~
(babel)             in language  on input line 108.
Package babel Info: Redefining ngerman shorthand "|
(babel)             in language  on input line 108.
Package babel Info: Redefining ngerman shorthand "~
(babel)             in language  on input line 108.
 [1]
Package babel Info: Redefining ngerman shorthand "|
(babel)             in language  on input line 108.
Package babel Info: Redefining ngerman shorthand "~
(babel)             in language  on input line 108.
Package babel Info: Redefining ngerman shorthand "|
(babel)             in language  on input line 108.
Package babel Info: Redefining ngerman shorthand "~
(babel)             in language  on input line 108.
 [2

]
Kapitel 1.
Package babel Info: Redefining ngerman shorthand "|
(babel)             in language  on input line 108.
Package babel Info: Redefining ngerman shorthand "~
(babel)             in language  on input line 108.
LaTeX Font Info:    Font shape `T1/phv/bx/n' in size <14.4> not available
(Font)              Font shape `T1/phv/b/n' tried instead on input line 117.
Package babel Info: Redefining ngerman shorthand "|
(babel)             in language  on input line 117.
Package babel Info: Redefining ngerman shorthand "~
(babel)             in language  on input line 117.
Missing character: There is no „ in font ptmr8t!
Missing character: There is no “ in font ptmr8t!
Missing character: There is no „ in font ptmr8t!
Missing character: There is no “ in font ptmr8t!
Missing character: There is no „ in font ptmr8t!
Missing character: There is no “ in font ptmr8t!
Package babel Info: Redefining ngerman shorthand "|
(babel)             in language  on input line 131.
Package babel Info: Redefining ngerman shorthand "~
(babel)             in language  on input line 131.
Missing character: There is no „ in font ptmr8t!
Missing character: There is no “ in font ptmr8t!
Package babel Info: Redefining ngerman shorthand "|
(babel)             in language  on input line 148.
Package babel Info: Redefining ngerman shorthand "~
(babel)             in language  on input line 148.
Package babel Info: Redefining ngerman shorthand "|
(babel)             in language  on input line 148.
Package babel Info: Redefining ngerman shorthand "~
(babel)             in language  on input line 148.
[3]
Package babel Info: Redefining ngerman shorthand "|
(babel)             in language  on input line 148.
Package babel Info: Redefining ngerman shorthand "~
(babel)             in language  on input line 148.
Package babel Info: Redefining ngerman shorthand "|
(babel)             in language  on input line 148.
Package babel Info: Redefining ngerman shorthand "~
(babel)             in language  on input line 148.
 [4

]
Kapitel 2.
Package babel Info: Redefining ngerman shorthand "|
(babel)             in language  on input line 148.
Package babel Info: Redefining ngerman shorthand "~
(babel)             in language  on input line 148.
Package babel Info: Redefining ngerman shorthand "|
(babel)             in language  on input line 154.
Package babel Info: Redefining ngerman shorthand "~
(babel)             in language  on input line 154.
LaTeX Font Info:    Try loading font information for TS1+ptm on input line 158.

(/usr/share/texlive/texmf-dist/tex/latex/psnfss/ts1ptm.fd
File: ts1ptm.fd 2001/06/04 font definitions for TS1/ptm.
)
Package babel Info: Redefining ngerman shorthand "|
(babel)             in language  on input line 180.
Package babel Info: Redefining ngerman shorthand "~
(babel)             in language  on input line 180.
Package babel Info: Redefining ngerman shorthand "|
(babel)             in language  on input line 206.
Package babel Info: Redefining ngerman shorthand "~
(babel)             in language  on input line 206.
Package babel Info: Redefining ngerman shorthand "|
(babel)             in language  on input line 206.
Package babel Info: Redefining ngerman shorthand "~
(babel)             in language  on input line 206.
 [5]
LaTeX Font Info:    Try loading font information for T1+pcr on input line 232.

(/usr/share/texlive/texmf-dist/tex/latex/psnfss/t1pcr.fd
File: t1pcr.fd 2001/06/04 font definitions for T1/pcr.
)
File: ArduinoDungeon_Steckplatine.png Graphic file (type bmp)
<ArduinoDungeon_Steckplatine.png>
Package babel Info: Redefining ngerman shorthand "|
(babel)             in language  on input line 240.
Package babel Info: Redefining ngerman shorthand "~
(babel)             in language  on input line 240.
Package babel Info: Redefining ngerman shorthand "|
(babel)             in language  on input line 240.
Package babel Info: Redefining ngerman shorthand "~
(babel)             in language  on input line 240.
 [6]
Kapitel 3.
Package babel Info: Redefining ngerman shorthand "|
(babel)             in language  on input line 240.
Package babel Info: Redefining ngerman shorthand "~
(babel)             in language  on input line 240.
Package babel Info: Redefining ngerman shorthand "|
(babel)             in language  on input line 246.
Package babel Info: Redefining ngerman shorthand "~
(babel)             in language  on input line 246.
File: pap.png Graphic file (type bmp)
<pap.png>
Package babel Info: Redefining ngerman shorthand "|
(babel)             in language  on input line 254.
Package babel Info: Redefining ngerman shorthand "~
(babel)             in language  on input line 254.
Package babel Info: Redefining ngerman shorthand "|
(babel)             in language  on input line 254.
Package babel Info: Redefining ngerman shorthand "~
(babel)             in language  on input line 254.
[7

]
Package babel Info: Redefining ngerman shorthand "|
(babel)             in language  on input line 254.
Package babel Info: Redefining ngerman shorthand "~
(babel)             in language  on input line 254.
LaTeX Font Info:    Font shape `T1/pcr/m/it' in size <9> not available
(Font)              Font shape `T1/pcr/m/sl' tried instead on input line 260.
Package babel Info: Redefining ngerman shorthand "|
(babel)             in language  on input line 279.
Package babel Info: Redefining ngerman shorthand "~
(babel)             in language  on input line 279.
Package babel Info: Redefining ngerman shorthand "|
(babel)             in language  on input line 299.
Package babel Info: Redefining ngerman shorthand "~
(babel)             in language  on input line 299.
Package babel Info: Redefining ngerman shorthand "|
(babel)             in language  on input line 334.
Package babel Info: Redefining ngerman shorthand "~
(babel)             in language  on input line 334.
Package babel Info: Redefining ngerman shorthand "|
(babel)             in language  on input line 334.
Package babel Info: Redefining ngerman shorthand "~
(babel)             in language  on input line 334.
 [8]
Package babel Info: Redefining ngerman shorthand "|
(babel)             in language  on input line 345.
Package babel Info: Redefining ngerman shorthand "~
(babel)             in language  on input line 345.
LaTeX Font Info:    Font shape `T1/pcr/bx/n' in size <9> not available
(Font)              Font shape `T1/pcr/b/n' tried instead on input line 351.
Missing character: There is no „ in font ptmr8t!
Missing character: There is no “ in font ptmr8t!
Package babel Info: Redefining ngerman shorthand "|
(babel)             in language  on input line 375.
Package babel Info: Redefining ngerman shorthand "~
(babel)             in language  on input line 375.
Missing character: There is no „ in font ptmr8t!
Missing character: There is no “ in font ptmr8t!
Missing character: There is no „ in font ptmr8t!
Missing character: There is no “ in font ptmr8t!
File: skull.png Graphic file (type bmp)
<skull.png>
Missing character: There is no „ in font ptmr8t!
Missing character: There is no “ in font ptmr8t!
Package babel Info: Redefining ngerman shorthand "|
(babel)             in language  on input line 397.
Package babel Info: Redefining ngerman shorthand "~
(babel)             in language  on input line 397.
Package babel Info: Redefining ngerman shorthand "|
(babel)             in language  on input line 397.
Package babel Info: Redefining ngerman shorthand "~
(babel)             in language  on input line 397.
 [9]
Package babel Info: Redefining ngerman shorthand "|
(babel)             in language  on input line 399.
Package babel Info: Redefining ngerman shorthand "~
(babel)             in language  on input line 399.
Package babel Info: Redefining ngerman shorthand "|
(babel)             in language  on input line 402.
Package babel Info: Redefining ngerman shorthand "~
(babel)             in language  on input line 402.
Package babel Info: Redefining ngerman shorthand "|
(babel)             in language  on input line 419.
Package babel Info: Redefining ngerman shorthand "~
(babel)             in language  on input line 419.
Package babel Info: Redefining ngerman shorthand "|
(babel)             in language  on input line 435.
Package babel Info: Redefining ngerman shorthand "~
(babel)             in language  on input line 435.
Package babel Info: Redefining ngerman shorthand "|
(babel)             in language  on input line 458.
Package babel Info: Redefining ngerman shorthand "~
(babel)             in language  on input line 458.
Package babel Info: Redefining ngerman shorthand "|
(babel)             in language  on input line 458.
Package babel Info: Redefining ngerman shorthand "~
(babel)             in language  on input line 458.
 [10]
Package babel Info: Redefining ngerman shorthand "|
(babel)             in language  on input line 480.
Package babel Info: Redefining ngerman shorthand "~
(babel)             in language  on input line 480.
Missing character: There is no „ in font ptmr8t!
Missing character: There is no “ in font ptmr8t!
File: level.png Graphic file (type bmp)
<level.png>
Package babel Info: Redefining ngerman shorthand "|
(babel)             in language  on input line 515.
Package babel Info: Redefining ngerman shorthand "~
(babel)             in language  on input line 515.
Package babel Info: Redefining ngerman shorthand "|
(babel)             in language  on input line 515.
Package babel Info: Redefining ngerman shorthand "~
(babel)             in language  on input line 515.
 [11]
Package babel Info: Redefining ngerman shorthand "|
(babel)             in language  on input line 525.
Package babel Info: Redefining ngerman shorthand "~
(babel)             in language  on input line 525.
Missing character: There is no „ in font ptmr8t!
Missing character: There is no “ in font ptmr8t!
Package babel Info: Redefining ngerman shorthand "|
(babel)             in language  on input line 547.
Package babel Info: Redefining ngerman shorthand "~
(babel)             in language  on input line 547.
Missing character: There is no „ in font ptmr8t!
Missing character: There is no “ in font ptmr8t!
Missing character: There is no „ in font ptmr8t!
Missing character: There is no “ in font ptmr8t!
Package babel Info: Redefining ngerman shorthand "|
(babel)             in language  on input line 569.
Package babel Info: Redefining ngerman shorthand "~
(babel)             in language  on input line 569.
Package babel Info: Redefining ngerman shorthand "|
(babel)             in language  on input line 569.
Package babel Info: Redefining ngerman shorthand "~
(babel)             in language  on input line 569.
 [12]
Package babel Info: Redefining ngerman shorthand "|
(babel)             in language  on input line 569.
Package babel Info: Redefining ngerman shorthand "~
(babel)             in language  on input line 569.
Package babel Info: Redefining ngerman shorthand "|
(babel)             in language  on input line 592.
Package babel Info: Redefining ngerman shorthand "~
(babel)             in language  on input line 592.
Package babel Info: Redefining ngerman shorthand "|
(babel)             in language  on input line 622.
Package babel Info: Redefining ngerman shorthand "~
(babel)             in language  on input line 622.
Package babel Info: Redefining ngerman shorthand "|
(babel)             in language  on input line 631.
Package babel Info: Redefining ngerman shorthand "~
(babel)             in language  on input line 631.
Package babel Info: Redefining ngerman shorthand "|
(babel)             in language  on input line 631.
Package babel Info: Redefining ngerman shorthand "~
(babel)             in language  on input line 631.
 [13]
Missing character: There is no „ in font ptmr8t!
Missing character: There is no “ in font ptmr8t!
Package babel Info: Redefining ngerman shorthand "|
(babel)             in language  on input line 654.
Package babel Info: Redefining ngerman shorthand "~
(babel)             in language  on input line 654.
Package babel Info: Redefining ngerman shorthand "|
(babel)             in language  on input line 682.
Package babel Info: Redefining ngerman shorthand "~
(babel)             in language  on input line 682.
Package babel Info: Redefining ngerman shorthand "|
(babel)             in language  on input line 689.
Package babel Info: Redefining ngerman shorthand "~
(babel)             in language  on input line 689.
Package babel Info: Redefining ngerman shorthand "|
(babel)             in language  on input line 689.
Package babel Info: Redefining ngerman shorthand "~
(babel)             in language  on input line 689.
 [14]
Underfull \hbox (badness 7869) in paragraph at lines 696--698
\T1/ptm/m/n/10 Die Haupt-struk-tur der Funk-ti-on be-steht aus meh-re-ren if-el
se-Blöcken, die die mög-li-chen Tas-ten-drü-
 []

Missing character: There is no „ in font ptmr8t!
Missing character: There is no “ in font ptmr8t!
Missing character: There is no „ in font ptmr8t!
Missing character: There is no “ in font ptmr8t!
Missing character: There is no „ in font ptmr8t!
Missing character: There is no “ in font ptmr8t!
Missing character: There is no „ in font ptmr8t!
Missing character: There is no “ in font ptmr8t!
Package babel Info: Redefining ngerman shorthand "|
(babel)             in language  on input line 714.
Package babel Info: Redefining ngerman shorthand "~
(babel)             in language  on input line 714.
Package babel Info: Redefining ngerman shorthand "|
(babel)             in language  on input line 749.
Package babel Info: Redefining ngerman shorthand "~
(babel)             in language  on input line 749.
Package babel Info: Redefining ngerman shorthand "|
(babel)             in language  on input line 749.
Package babel Info: Redefining ngerman shorthand "~
(babel)             in language  on input line 749.
[15]
Package babel Info: Redefining ngerman shorthand "|
(babel)             in language  on input line 749.
Package babel Info: Redefining ngerman shorthand "~
(babel)             in language  on input line 749.
Package babel Info: Redefining ngerman shorthand "|
(babel)             in language  on input line 768.
Package babel Info: Redefining ngerman shorthand "~
(babel)             in language  on input line 768.
Package babel Info: Redefining ngerman shorthand "|
(babel)             in language  on input line 789.
Package babel Info: Redefining ngerman shorthand "~
(babel)             in language  on input line 789.
Package babel Info: Redefining ngerman shorthand "|
(babel)             in language  on input line 882.
Package babel Info: Redefining ngerman shorthand "~
(babel)             in language  on input line 882.
Package babel Info: Redefining ngerman shorthand "|
(babel)             in language  on input line 882.
Package babel Info: Redefining ngerman shorthand "~
(babel)             in language  on input line 882.
 [16]
Package babel Info: Redefining ngerman shorthand "|
(babel)             in language  on input line 882.
Package babel Info: Redefining ngerman shorthand "~
(babel)             in language  on input line 882.
File: nosprite.png Graphic file (type bmp)
<nosprite.png>
Package babel Info: Redefining ngerman shorthand "|
(babel)             in language  on input line 1002.
Package babel Info: Redefining ngerman shorthand "~
(babel)             in language  on input line 1002.
Package babel Info: Redefining ngerman shorthand "|
(babel)             in language  on input line 1002.
Package babel Info: Redefining ngerman shorthand "~
(babel)             in language  on input line 1002.
 [17]
Package babel Info: Redefining ngerman shorthand "|
(babel)             in language  on input line 1060.
Package babel Info: Redefining ngerman shorthand "~
(babel)             in language  on input line 1060.
Package babel Info: Redefining ngerman shorthand "|
(babel)             in language  on input line 1060.
Package babel Info: Redefining ngerman shorthand "~
(babel)             in language  on input line 1060.
 [18]
Missing character: There is no „ in font ptmr8t!
Missing character: There is no “ in font ptmr8t!
Package babel Info: Redefining ngerman shorthand "|
(babel)             in language  on input line 1122.
Package babel Info: Redefining ngerman shorthand "~
(babel)             in language  on input line 1122.
Package babel Info: Redefining ngerman shorthand "|
(babel)             in language  on input line 1122.
Package babel Info: Redefining ngerman shorthand "~
(babel)             in language  on input line 1122.
 [19]
Package babel Info: Redefining ngerman shorthand "|
(babel)             in language  on input line 1215.
Package babel Info: Redefining ngerman shorthand "~
(babel)             in language  on input line 1215.
Package babel Info: Redefining ngerman shorthand "|
(babel)             in language  on input line 1215.
Package babel Info: Redefining ngerman shorthand "~
(babel)             in language  on input line 1215.
 [20]
Kapitel 4.
Package babel Info: Redefining ngerman shorthand "|
(babel)             in language  on input line 1215.
Package babel Info: Redefining ngerman shorthand "~
(babel)             in language  on input line 1215.
Package babel Info: Redefining ngerman shorthand "|
(babel)             in language  on input line 1218.
Package babel Info: Redefining ngerman shorthand "~
(babel)             in language  on input line 1218.
Missing character: There is no „ in font ptmr8t!
Missing character: There is no “ in font ptmr8t!
LaTeX Font Info:    Try loading font information for TS1+pcr on input line 1232
.
(/usr/share/texlive/texmf-dist/tex/latex/psnfss/ts1pcr.fd
File: ts1pcr.fd 2001/06/04 font definitions for TS1/pcr.
)
LaTeX Font Info:    Font shape `TS1/pcr/m/it' in size <9> not available
(Font)              Font shape `TS1/pcr/m/sl' tried instead on input line 1247.


Overfull \vbox (0.80844pt too high) detected at line 1277
 []

Package babel Info: Redefining ngerman shorthand "|
(babel)             in language  on input line 1277.
Package babel Info: Redefining ngerman shorthand "~
(babel)             in language  on input line 1277.
Package babel Info: Redefining ngerman shorthand "|
(babel)             in language  on input line 1277.
Package babel Info: Redefining ngerman shorthand "~
(babel)             in language  on input line 1277.
[21

]
No file arduinoprojektfabianpichl.ind.
Package atveryend Info: Empty hook `BeforeClearDocument' on input line 1283.
Package babel Info: Redefining ngerman shorthand "|
(babel)             in language  on input line 1283.
Package babel Info: Redefining ngerman shorthand "~
(babel)             in language  on input line 1283.
Package babel Info: Redefining ngerman shorthand "|
(babel)             in language  on input line 1283.
Package babel Info: Redefining ngerman shorthand "~
(babel)             in language  on input line 1283.
[22]
Package atveryend Info: Empty hook `AfterLastShipout' on input line 1283.
 (./arduinoprojektfabianpichl.aux)
Package atveryend Info: Empty hook `AtVeryEndDocument' on input line 1283.
Package atveryend Info: Empty hook `AtEndAfterFileList' on input line 1283.
Package atveryend Info: Empty hook `AtVeryVeryEnd' on input line 1283.
 ) 
Here is how much of TeX's memory you used:
 13089 strings out of 493007
 185753 string characters out of 6136718
 343260 words of memory out of 5000000
 16819 multiletter control sequences out of 15000+600000
 44499 words of font info for 63 fonts, out of 8000000 for 9000
 1349 hyphenation exceptions out of 8191
 37i,12n,48p,644b,490s stack positions out of 5000i,500n,10000p,200000b,80000s

Output written on arduinoprojektfabianpichl.pdf (26 pages).
