\BOOKMARK [0][-]{chapter.1}{\376\377\000I\000n\000s\000t\000a\000l\000l\000a\000t\000i\000o\000n\000\040\000u\000n\000d\000\040\000V\000o\000r\000b\000e\000r\000e\000i\000t\000e\000n\000\040\000b\000e\000n\000\366\000t\000i\000g\000t\000e\000r\000\040\000S\000o\000f\000t\000w\000a\000r\000e}{}% 1
\BOOKMARK [1][-]{section.1.1}{\376\377\000I\000n\000s\000t\000a\000l\000l\000a\000t\000i\000o\000n\000\040\000u\000n\000d\000\040\000E\000i\000n\000r\000i\000c\000h\000t\000u\000n\000g\000\040\000d\000e\000r\000\040\000A\000r\000d\000u\000i\000n\000o\000\040\000E\000n\000t\000w\000i\000c\000k\000l\000u\000n\000g\000s\000u\000m\000g\000e\000b\000u\000n\000g}{chapter.1}% 2
\BOOKMARK [1][-]{section.1.2}{\376\377\000V\000e\000r\000w\000e\000n\000d\000e\000n\000\040\000e\000i\000n\000e\000r\000\040\000B\000i\000l\000d\000b\000e\000a\000r\000b\000e\000i\000t\000u\000n\000g\000s\000-\000\040\000u\000n\000d\000\040\000K\000o\000n\000v\000e\000r\000t\000i\000e\000r\000u\000n\000g\000s\000s\000o\000f\000t\000w\000a\000r\000e}{chapter.1}% 3
\BOOKMARK [0][-]{chapter.2}{\376\377\000V\000o\000r\000b\000e\000r\000e\000i\000t\000e\000n\000\040\000d\000e\000r\000\040\000H\000a\000r\000d\000w\000a\000r\000e}{}% 4
\BOOKMARK [1][-]{section.2.1}{\376\377\000B\000e\000n\000\366\000t\000i\000g\000t\000e\000\040\000T\000e\000i\000l\000e}{chapter.2}% 5
\BOOKMARK [1][-]{section.2.2}{\376\377\000A\000u\000f\000b\000a\000u}{chapter.2}% 6
\BOOKMARK [0][-]{chapter.3}{\376\377\000P\000r\000o\000g\000r\000a\000m\000m\000i\000e\000r\000e\000n\000\040\000d\000e\000s\000\040\000A\000r\000d\000u\000i\000n\000o}{}% 7
\BOOKMARK [1][-]{section.3.1}{\376\377\000G\000r\000o\000b\000e\000\040\000S\000t\000r\000u\000k\000t\000u\000r}{chapter.3}% 8
\BOOKMARK [1][-]{section.3.2}{\376\377\000V\000e\000r\000w\000e\000n\000d\000u\000n\000g\000\040\000d\000e\000r\000\040\000u\0008\000g\0002\000\040\000L\000i\000b\000r\000a\000r\000y}{chapter.3}% 9
\BOOKMARK [2][-]{subsection.3.2.1}{\376\377\000B\000u\000f\000f\000e\000r\000\040\000u\000n\000d\000\040\000p\000a\000g\000e\000s}{section.3.2}% 10
\BOOKMARK [2][-]{subsection.3.2.2}{\376\377\000V\000e\000r\000w\000e\000n\000d\000e\000t\000e\000\040\000M\000e\000t\000h\000o\000d\000e\000n}{section.3.2}% 11
\BOOKMARK [2][-]{subsection.3.2.3}{\376\377\000K\000o\000n\000k\000r\000e\000t\000e\000r\000\040\000A\000n\000w\000e\000n\000d\000u\000n\000g\000s\000f\000a\000l\000l}{section.3.2}% 12
\BOOKMARK [2][-]{subsection.3.2.4}{\376\377\000B\000i\000t\000m\000a\000p\000s}{section.3.2}% 13
\BOOKMARK [1][-]{section.3.3}{\376\377\000E\000i\000g\000e\000n\000e\000\040\000F\000u\000n\000k\000t\000i\000o\000n\000e\000n\000\040\000u\000n\000d\000\040\000S\000t\000r\000u\000k\000t\000u\000r\000e\000n}{chapter.3}% 14
\BOOKMARK [2][-]{subsection.3.3.1}{\376\377\000D\000i\000e\000\040\000F\000u\000n\000k\000t\000i\000o\000n\000\040\000i\000s\000W\000a\000l\000l\000\050\000\051}{section.3.3}% 15
\BOOKMARK [2][-]{subsection.3.3.2}{\376\377\000D\000i\000e\000\040\000F\000u\000n\000k\000t\000i\000o\000n\000\040\000g\000e\000t\000W\000a\000l\000l\000s\000\050\000\051}{section.3.3}% 16
\BOOKMARK [2][-]{subsection.3.3.3}{\376\377\000D\000i\000e\000\040\000F\000u\000n\000k\000t\000i\000o\000n\000\040\000g\000e\000t\000B\000u\000t\000t\000o\000n\000P\000r\000e\000s\000s\000\050\000\051}{section.3.3}% 17
\BOOKMARK [2][-]{subsection.3.3.4}{\376\377\000D\000i\000e\000\040\000F\000u\000n\000k\000t\000i\000o\000n\000\040\000d\000r\000a\000w\000\050\000\051}{section.3.3}% 18
\BOOKMARK [2][-]{subsection.3.3.5}{\376\377\000D\000i\000e\000\040\000F\000u\000n\000k\000t\000i\000o\000n\000e\000n\000\040\000s\000h\000o\000w\000S\000t\000a\000r\000t\000S\000c\000r\000e\000e\000n\000\050\000\051\000\040\000u\000n\000d\000\040\000s\000h\000o\000w\000H\000e\000l\000p\000S\000c\000r\000e\000e\000n\000\050\000\051}{section.3.3}% 19
\BOOKMARK [2][-]{subsection.3.3.6}{\376\377\000D\000i\000e\000\040\000F\000u\000n\000k\000t\000i\000o\000n\000\040\000s\000h\000o\000w\000D\000e\000a\000t\000h\000S\000c\000r\000e\000e\000n\000\050\000\051}{section.3.3}% 20
\BOOKMARK [2][-]{subsection.3.3.7}{\376\377\000D\000i\000e\000\040\000F\000u\000n\000k\000t\000i\000o\000n\000\040\000s\000h\000o\000w\000E\000n\000d\000S\000c\000r\000e\000e\000n\000\050\000\051}{section.3.3}% 21
\BOOKMARK [2][-]{subsection.3.3.8}{\376\377\000D\000i\000e\000\040\000F\000u\000n\000k\000t\000i\000o\000n\000\040\000l\000o\000o\000p\000\050\000\051}{section.3.3}% 22
\BOOKMARK [2][-]{subsection.3.3.9}{\376\377\000D\000i\000e\000\040\000F\000u\000n\000k\000t\000i\000o\000n\000\040\000s\000e\000t\000u\000p\000\050\000\051}{section.3.3}% 23
\BOOKMARK [2][-]{subsection.3.3.10}{\376\377\000D\000i\000e\000\040\000F\000u\000n\000k\000t\000i\000o\000n\000\040\000s\000e\000t\000U\000p\000L\000e\000v\000e\000l\000\050\000\051}{section.3.3}% 24
\BOOKMARK [2][-]{subsection.3.3.11}{\376\377\000D\000i\000e\000\040\000F\000u\000n\000k\000t\000i\000o\000n\000\040\000p\000l\000a\000y\000e\000r\000A\000c\000t\000\050\000\051}{section.3.3}% 25
\BOOKMARK [2][-]{subsection.3.3.12}{\376\377\000D\000i\000e\000\040\000F\000u\000n\000k\000t\000i\000o\000n\000\040\000p\000l\000a\000y\000e\000r\000A\000t\000t\000a\000c\000k\000\050\000\051}{section.3.3}% 26
\BOOKMARK [2][-]{subsection.3.3.13}{\376\377\000D\000i\000e\000\040\000F\000u\000n\000k\000t\000i\000o\000n\000\040\000d\000a\000m\000a\000g\000e\000P\000l\000a\000y\000e\000r\000\050\000\051}{section.3.3}% 27
\BOOKMARK [2][-]{subsection.3.3.14}{\376\377\000D\000i\000e\000\040\000F\000u\000n\000k\000t\000i\000o\000n\000\040\000p\000l\000a\000y\000e\000r\000O\000p\000e\000n\000I\000n\000v\000e\000n\000o\000r\000y\000\050\000\051}{section.3.3}% 28
\BOOKMARK [2][-]{subsection.3.3.15}{\376\377\000G\000l\000o\000b\000a\000l\000e\000\040\000V\000a\000r\000i\000a\000b\000l\000e\000n}{section.3.3}% 29
\BOOKMARK [2][-]{subsection.3.3.16}{\376\377\000D\000i\000e\000\040\000K\000l\000a\000s\000s\000e\000/\000S\000t\000r\000u\000k\000t\000u\000r\000\040\000a\000c\000t\000o\000r}{section.3.3}% 30
\BOOKMARK [0][-]{chapter.4}{\376\377\000A\000n\000h\000a\000n\000g}{}% 31
\BOOKMARK [1][-]{section.4.1}{\376\377\000A\000n\000h\000a\000n\000g\000\040\0001\000:\000\040\000S\000k\000r\000i\000p\000t\000\040\000z\000u\000m\000\040\000k\000o\000n\000v\000e\000r\000t\000i\000e\000r\000e\000n\000\040\000v\000o\000n\000\040\000s\000c\000h\000w\000a\000r\000z\000-\000w\000e\000i\000\337\000\040\000B\000i\000l\000d\000e\000r\000n\000\040\000z\000u\000\040\000c\000+\000+\000\040\000B\000i\000t\000m\000a\000p\000s}{chapter.4}% 32
